<?xml version="1.0" encoding="utf-8"?><testsuites name="pytest tests"><testsuite name="pytest" errors="0" failures="0" skipped="0" tests="21" time="3.593" timestamp="2026-07-09T01:10:10.139372+00:00" hostname="agent-env-97681121-5cfd-4685-a446-960b2438b32d"><testcase classname="tests.backend_test.TestBookings" name="test_booking_requires_auth" time="0.392" /><testcase classname="tests.backend_test.TestAuth" name="test_register_and_cookie" time="0.444" /><testcase classname="tests.backend_test.TestAuth" name="test_register_duplicate_email" time="0.553" /><testcase classname="tests.backend_test.TestBookings" name="test_booking_rejects_unsigned_waiver" time="0.559" /><testcase classname="tests.backend_test.TestBookings" name="test_booking_created_and_listed" time="0.092" /><testcase classname="tests.backend_test.TestAuth" name="test_admin_login" time="0.554" /><testcase classname="tests.backend_test.TestAuth" name="test_parent_login_wrong_password" time="0.323" /><testcase classname="tests.backend_test.TestBookings" name="test_admin_can_list_all_bookings" time="0.582" /><testcase classname="tests.backend_test.TestBookings" name="test_parent_forbidden_admin_bookings" time="0.252" /><testcase classname="tests.backend_test.TestAuth" name="test_me_no_auth" time="0.131" /><testcase classname="tests.backend_test.TestLeads" name="test_create_lead_public" time="0.106" /><testcase classname="tests.backend_test.TestLeads" name="test_admin_list_leads" time="0.100" /><testcase classname="tests.backend_test.TestLeads" name="test_parent_forbidden_from_admin_leads" time="0.057" /><testcase classname="tests.backend_test.TestEvents" name="test_events_list" time="0.275" /><testcase classname="tests.backend_test.TestAuth" name="test_logout" time="0.905" /><testcase classname="tests.backend_test.TestEvents" name="test_events_category_filter" time="0.317" /><testcase classname="tests.backend_test.TestAdminStats" name="test_admin_stats" time="0.106" /><testcase classname="tests.backend_test.TestAdminStats" name="test_parent_forbidden_admin_stats" time="0.045" /><testcase classname="tests.backend_test.TestContact" name="test_create_contact_public" time="0.099" /><testcase classname="tests.backend_test.TestContact" name="test_admin_list_contacts" time="0.050" /><testcase classname="tests.backend_test.TestContact" name="test_parent_forbidden_admin_contacts" time="0.042" /></testsuite></testsuites>