<?xml version="1.0" encoding="utf-8"?><testsuites name="pytest tests"><testsuite name="pytest" errors="0" failures="0" skipped="0" tests="32" time="5.941" timestamp="2026-09-15T16:36:31.410344+00:00" hostname="agent-env-97681121-5cfd-4685-a446-960b2438b32d"><testcase classname="tests.backend_test.TestAuth" name="test_register_and_cookie" time="0.646" /><testcase classname="tests.backend_test.TestBookings" name="test_booking_requires_auth" time="0.566" /><testcase classname="tests.backend_test.TestAuth" name="test_register_duplicate_email" time="0.616" /><testcase classname="tests.backend_test.TestBookings" name="test_booking_rejects_unsigned_waiver" time="0.624" /><testcase classname="tests.backend_test.TestBookings" name="test_booking_created_and_listed" time="0.164" /><testcase classname="tests.backend_test.TestAuth" name="test_admin_login" time="0.658" /><testcase classname="tests.backend_test.TestAuth" name="test_parent_login_wrong_password" time="0.483" /><testcase classname="tests.backend_test.TestBookings" name="test_admin_can_list_all_bookings" time="0.692" /><testcase classname="tests.backend_test.TestBookings" name="test_parent_forbidden_admin_bookings" time="0.073" /><testcase classname="tests.backend_test.TestNewsletter" name="test_subscribe_and_dedupe" time="0.433" /><testcase classname="tests.backend_test.TestAuth" name="test_me_no_auth" time="0.224" /><testcase classname="tests.backend_test.TestNewsletter" name="test_admin_newsletter_requires_admin" time="0.582" /><testcase classname="tests.backend_test.TestAuth" name="test_logout" time="1.234" /><testcase classname="tests.backend_test.TestNewsletter" name="test_parent_forbidden_admin_newsletter" time="1.095" /><testcase classname="tests.backend_test.TestLeads" name="test_create_lead_public" time="0.191" /><testcase classname="tests.backend_test.TestLeads" name="test_admin_list_leads" time="0.075" /><testcase classname="tests.backend_test.TestLeads" name="test_parent_forbidden_from_admin_leads" time="0.108" /><testcase classname="tests.backend_test.TestNewsletter" name="test_admin_newsletter_contains_new_email" time="0.226" /><testcase classname="tests.backend_test.TestContact" name="test_create_contact_public" time="0.144" /><testcase classname="tests.backend_test.TestContact" name="test_admin_list_contacts" time="0.073" /><testcase classname="tests.backend_test.TestContact" name="test_parent_forbidden_admin_contacts" time="0.109" /><testcase classname="tests.backend_test.TestNewsletter" name="test_newsletter_invalid_email" time="0.240" /><testcase classname="tests.backend_test.TestEmailConfig" name="test_email_status_unconfigured" time="0.078" /><testcase classname="tests.backend_test.TestEmailConfig" name="test_email_test_returns_400_not_500" time="0.081" /><testcase classname="tests.backend_test.TestAdminStats" name="test_admin_stats" time="0.085" /><testcase classname="tests.backend_test.TestEmailConfig" name="test_email_status_requires_admin" time="0.124" /><testcase classname="tests.backend_test.TestAdminStats" name="test_parent_forbidden_admin_stats" time="0.086" /><testcase classname="tests.backend_test.TestEvents" name="test_events_list" time="0.165" /><testcase classname="tests.backend_test.TestAdminStats" name="test_admin_stats_has_subscribers" time="0.088" /><testcase classname="tests.backend_test.TestGCalFeed" name="test_gcal_events_nonempty" time="0.487" /><testcase classname="tests.backend_test.TestEvents" name="test_events_category_filter" time="0.162" /><testcase classname="tests.backend_test.TestAnalytics" name="test_admin_analytics_30d" time="0.105" /></testsuite></testsuites>